c:\users\edwin santiago\desktop\semestre_2023-2\computacion_grafica_avanzada\repositorio\computaciongraficaavanzada\release\cgalib.lib
c:\users\edwin santiago\desktop\semestre_2023-2\computacion_grafica_avanzada\repositorio\computaciongraficaavanzada\release\cgalib.exp
c:\users\edwin santiago\desktop\semestre_2023-2\computacion_grafica_avanzada\repositorio\computaciongraficaavanzada\release\cgalib.ipdb
c:\users\edwin santiago\desktop\semestre_2023-2\computacion_grafica_avanzada\repositorio\computaciongraficaavanzada\release\cgalib.iobj
c:\users\santi\desktop\semestre_2023-2\computacion_grafica_avanzada\repositorio\clase\cgalib\release\vc143.pdb
c:\users\santi\desktop\semestre_2023-2\computacion_grafica_avanzada\repositorio\clase\cgalib\release\timemanager.obj
c:\users\santi\desktop\semestre_2023-2\computacion_grafica_avanzada\repositorio\clase\cgalib\release\thirdpersoncamera.obj
c:\users\santi\desktop\semestre_2023-2\computacion_grafica_avanzada\repositorio\clase\cgalib\release\texture.obj
c:\users\santi\desktop\semestre_2023-2\computacion_grafica_avanzada\repositorio\clase\cgalib\release\terrain.obj
c:\users\santi\desktop\semestre_2023-2\computacion_grafica_avanzada\repositorio\clase\cgalib\release\sphere.obj
c:\users\santi\desktop\semestre_2023-2\computacion_grafica_avanzada\repositorio\clase\cgalib\release\shadowbox.obj
c:\users\santi\desktop\semestre_2023-2\computacion_grafica_avanzada\repositorio\clase\cgalib\release\shader.obj
c:\users\santi\desktop\semestre_2023-2\computacion_grafica_avanzada\repositorio\clase\cgalib\release\model.obj
c:\users\santi\desktop\semestre_2023-2\computacion_grafica_avanzada\repositorio\clase\cgalib\release\mesh.obj
c:\users\santi\desktop\semestre_2023-2\computacion_grafica_avanzada\repositorio\clase\cgalib\release\fonttyperendering.obj
c:\users\santi\desktop\semestre_2023-2\computacion_grafica_avanzada\repositorio\clase\cgalib\release\firstpersoncamera.obj
c:\users\santi\desktop\semestre_2023-2\computacion_grafica_avanzada\repositorio\clase\cgalib\release\cylinder.obj
c:\users\santi\desktop\semestre_2023-2\computacion_grafica_avanzada\repositorio\clase\cgalib\release\box.obj
c:\users\santi\desktop\semestre_2023-2\computacion_grafica_avanzada\repositorio\clase\cgalib\release\bones.obj
c:\users\edwin santiago\desktop\semestre_2023-2\computacion_grafica_avanzada\repositorio\clase\release\cgalib.lib
c:\users\edwin santiago\desktop\semestre_2023-2\computacion_grafica_avanzada\repositorio\clase\release\cgalib.exp
c:\users\edwin santiago\desktop\semestre_2023-2\computacion_grafica_avanzada\repositorio\clase\release\cgalib.ipdb
c:\users\edwin santiago\desktop\semestre_2023-2\computacion_grafica_avanzada\repositorio\clase\release\cgalib.iobj
c:\users\santi\desktop\semestre_2023-2\computacion_grafica_avanzada\repositorio\clase\release\cgalib.lib
c:\users\santi\desktop\semestre_2023-2\computacion_grafica_avanzada\repositorio\clase\release\cgalib.exp
c:\users\santi\desktop\semestre_2023-2\computacion_grafica_avanzada\repositorio\clase\release\cgalib.ipdb
c:\users\santi\desktop\semestre_2023-2\computacion_grafica_avanzada\repositorio\clase\release\cgalib.iobj
c:\users\santi\desktop\semestre_2023-2\computacion_grafica_avanzada\repositorio\clase\release\cgalib.dll
c:\users\santi\desktop\semestre_2023-2\computacion_grafica_avanzada\repositorio\clase\cgalib\release\cgalib.iobj
c:\users\santi\desktop\semestre_2023-2\computacion_grafica_avanzada\repositorio\clase\release\cgalib.pdb
c:\users\santi\desktop\semestre_2023-2\computacion_grafica_avanzada\repositorio\clase\cgalib\release\cgalib.ipdb
c:\users\santi\desktop\semestre_2023-2\computacion_grafica_avanzada\repositorio\clase\cgalib\release\vc141.pdb
c:\users\santi\desktop\semestre_2023-2\computacion_grafica_avanzada\repositorio\clase\cgalib\release\cgalib.tlog\cgalib.write.1u.tlog
c:\users\santi\desktop\semestre_2023-2\computacion_grafica_avanzada\repositorio\clase\cgalib\release\cgalib.tlog\cl.command.1.tlog
c:\users\santi\desktop\semestre_2023-2\computacion_grafica_avanzada\repositorio\clase\cgalib\release\cgalib.tlog\cl.items.tlog
c:\users\santi\desktop\semestre_2023-2\computacion_grafica_avanzada\repositorio\clase\cgalib\release\cgalib.tlog\cl.read.1.tlog
c:\users\santi\desktop\semestre_2023-2\computacion_grafica_avanzada\repositorio\clase\cgalib\release\cgalib.tlog\cl.write.1.tlog
c:\users\santi\desktop\semestre_2023-2\computacion_grafica_avanzada\repositorio\clase\cgalib\release\cgalib.tlog\link.command.1.tlog
c:\users\santi\desktop\semestre_2023-2\computacion_grafica_avanzada\repositorio\clase\cgalib\release\cgalib.tlog\link.read.1.tlog
c:\users\santi\desktop\semestre_2023-2\computacion_grafica_avanzada\repositorio\clase\cgalib\release\cgalib.tlog\link.write.1.tlog
c:\users\santi\desktop\semestre_2023-2\computacion_grafica_avanzada\repositorio\clase\cgalib\release\cgalib.tlog\link.write.2u.tlog
